<<<<<<< HEAD
A51 MACRO ASSEMBLER  PROC51                                                               05/05/2018 23:06:01 PAGE     1
=======
A51 MACRO ASSEMBLER  PROC51                                                               05/06/2018 00:27:18 PAGE     1
>>>>>>> madagaskar


MACRO ASSEMBLER A51 V8.2.7.0
OBJECT MODULE PLACED IN .\EXE\proc51.obj
ASSEMBLER INVOKED BY: G:\Program Files\Keil_v5\C51\BIN\A51.EXE proc51.asm SET(SMALL) DEBUG PRINT(.\LST\proc51.lst) OBJEC
                      T(.\EXE\proc51.obj) EP

LOC  OBJ            LINE     SOURCE

                       1     ;Oznaczenie pamieci
                       2     ;BIT, CODE, DATA, IDATA, XDATA, NUMBER
                       3     
                       4     ;Wejscie
                       5     ;Arg Number               char, 1-byte ptr       int, 2-byte ptr                long, float
                                                      generic ptr
                       6     ;    1                          R7                   R6 & R7                       R4由7   
                                                        R1由3
                       7     ;                                             (MSB in R6,LSB in R7)           (MSB in R4,LS
                             B in R7)      (Mem type in R3, MSB in R2, LSB in R1)
                       8     ;    2                          R5                   R4 & R5                       R4由7   
                                                        R1由3
                       9     ;                                             (MSB in R4,LSB in R5)           (MSB in R4,LS
                             B in R7)      (Mem type in R3, MSB in R2, LSB in R1)
                      10     ;    3                          R3                   R2 & R3                     ----------
                                                        R1由3
                      11     ;                                             (MSB in R2,LSB in R3)                        
                                           (Mem type in R3, MSB in R2, LSB in R1)
                      12     
                      13     ;Wyjscie
                      14     ;bit                                 - Carry bit
                      15     ;char, unsigned char, 1-byte pointer - R7 
                      16     ;int, unsigned int, 2-byte ptr       - R6 & R7 MSB in R6, LSB in R7. 
                      17     ;long,  unsigned long                - R4-R7 MSB in R4, LSB in R7. 
                      18     ;float R4-R7                         - 32-Bit IEEE format. 
                      19     ;generic pointer                     - R1-R3 Memory type in R3, MSB R2, LSB R1. 
                      20     
  8006                21     PTWY    EQU 8006h
                      22     
                      23     PRGSEG          SEGMENT CODE
                      24     
                      25                     PUBLIC  POTASM
                      26                     
----                  27                     RSEG    PRGSEG
                      28                             
                      29     ; Niby zapala odpowiednie diody ale i bez tego chyba pewnie bedzie dzialac XD
0000 908006           30     POTASM:             mov DPTR, #PTWY                     ;Przenosimy to co jest w 8008h to d
                             ptr
0003 E0               31                                     movx A, @DPTR                   ;przenosimy to co w dptr do
                              akumulatora.
0004 22               32                                     RET                                             ;Wracamy do
                              jezyka C.
                      33     
                      34                     END
<<<<<<< HEAD
A51 MACRO ASSEMBLER  PROC51                                                               05/05/2018 23:06:01 PAGE     2
=======
A51 MACRO ASSEMBLER  PROC51                                                               05/06/2018 00:27:18 PAGE     2
>>>>>>> madagaskar

SYMBOL TABLE LISTING
------ ----- -------


N A M E             T Y P E  V A L U E   ATTRIBUTES

POTASM . . . . . .  C ADDR   0000H   R   SEG=PRGSEG
PRGSEG . . . . . .  C SEG    0005H       REL=UNIT
PTWY . . . . . . .  N NUMB   8006H   A   


REGISTER BANK(S) USED: 0 


ASSEMBLY COMPLETE.  0 WARNING(S), 0 ERROR(S)
